<?xml version="1.0" encoding="utf-8"?><testsuites name="pytest tests"><testsuite name="pytest" errors="0" failures="0" skipped="0" tests="43" time="4.810" timestamp="2026-04-22T17:34:50.407697+00:00" hostname="agent-env-d21f4c04-616f-4e44-9a68-72ad838574ee"><testcase classname="backend.tests.test_iter10_auth_protection" name="test_protected_get_returns_401_without_cookie[/storage/get?key=test]" time="0.151" /><testcase classname="backend.tests.test_iter10_auth_protection" name="test_protected_get_returns_401_without_cookie[/events]" time="0.118" /><testcase classname="backend.tests.test_iter10_auth_protection" name="test_protected_get_returns_401_without_cookie[/launch/proj_dummy/status]" time="0.106" /><testcase classname="backend.tests.test_iter10_auth_protection" name="test_protected_get_returns_401_without_cookie[/intake/project/proj_dummy]" time="0.116" /><testcase classname="backend.tests.test_iter10_auth_protection" name="test_protected_get_returns_401_without_cookie[/meta/templates/status/proj_dummy]" time="0.105" /><testcase classname="backend.tests.test_iter10_auth_protection" name="test_protected_post_returns_401_without_cookie[/storage/set-body0]" time="0.141" /><testcase classname="backend.tests.test_iter10_auth_protection" name="test_protected_post_returns_401_without_cookie[/storage/delete-body1]" time="0.113" /><testcase classname="backend.tests.test_iter10_auth_protection" name="test_protected_post_returns_401_without_cookie[/ai/test-chat-body2]" time="0.120" /><testcase classname="backend.tests.test_iter10_auth_protection" name="test_protected_post_returns_401_without_cookie[/whatsapp/send-body3]" time="0.145" /><testcase classname="backend.tests.test_iter10_auth_protection" name="test_protected_post_returns_401_without_cookie[/whatsapp/send-template-body4]" time="0.127" /><testcase classname="backend.tests.test_iter10_auth_protection" name="test_protected_post_returns_401_without_cookie[/test-connection-body5]" time="0.107" /><testcase classname="backend.tests.test_iter10_auth_protection" name="test_protected_post_returns_401_without_cookie[/evolution/send-body6]" time="0.115" /><testcase classname="backend.tests.test_iter10_auth_protection" name="test_protected_post_returns_401_without_cookie[/launch/deploy-body7]" time="0.107" /><testcase classname="backend.tests.test_iter10_auth_protection" name="test_protected_post_returns_401_without_cookie[/launch/complete-body8]" time="0.120" /><testcase classname="backend.tests.test_iter10_auth_protection" name="test_protected_post_returns_401_without_cookie[/launch/proj_dummy/stop-body9]" time="0.119" /><testcase classname="backend.tests.test_iter10_auth_protection" name="test_protected_post_returns_401_without_cookie[/intake/create-body10]" time="0.113" /><testcase classname="backend.tests.test_iter10_auth_protection" name="test_protected_post_returns_401_without_cookie[/intake/project/proj_dummy/review-body11]" time="0.111" /><testcase classname="backend.tests.test_iter10_auth_protection" name="test_protected_post_returns_401_without_cookie[/meta/templates/sync-body12]" time="0.104" /><testcase classname="backend.tests.test_iter10_auth_protection" name="test_protected_post_returns_401_without_cookie[/whatsapp/run-flow-test-body13]" time="0.108" /><testcase classname="backend.tests.test_iter10_auth_protection" name="test_protected_post_returns_401_without_cookie[/whatsapp/run-flow-test/run_dummy/cancel-body14]" time="0.126" /><testcase classname="backend.tests.test_iter10_auth_protection" name="test_protected_put_returns_401_without_cookie[/intake/project/proj_dummy/items-body0]" time="0.103" /><testcase classname="backend.tests.test_iter10_auth_protection" name="test_public_review_get_token" time="0.115" /><testcase classname="backend.tests.test_iter10_auth_protection" name="test_public_review_create" time="0.104" /><testcase classname="backend.tests.test_iter10_auth_protection" name="test_public_review_approve" time="0.112" /><testcase classname="backend.tests.test_iter10_auth_protection" name="test_public_review_sign" time="0.126" /><testcase classname="backend.tests.test_iter10_auth_protection" name="test_public_review_notify" time="0.115" /><testcase classname="backend.tests.test_iter10_auth_protection" name="test_public_review_summary_pdf" time="0.106" /><testcase classname="backend.tests.test_iter10_auth_protection" name="test_public_intake_token_get" time="0.109" /><testcase classname="backend.tests.test_iter10_auth_protection" name="test_public_intake_token_save" time="0.110" /><testcase classname="backend.tests.test_iter10_auth_protection" name="test_public_intake_token_complete" time="0.102" /><testcase classname="backend.tests.test_iter10_auth_protection" name="test_public_intake_file_download" time="0.119" /><testcase classname="backend.tests.test_iter10_auth_protection" name="test_public_auth_callback" time="0.207" /><testcase classname="backend.tests.test_iter10_auth_protection" name="test_public_events_post_open_for_n8n" time="0.105" /><testcase classname="backend.tests.test_iter10_auth_protection" name="test_public_flow_test_run_get" time="0.128" /><testcase classname="backend.tests.test_iter10_auth_protection" name="test_strip_emojis_removes_emoji_and_trims" time="0.304" /><testcase classname="backend.tests.test_iter10_auth_protection" name="test_strip_emojis_preserves_punctuation_and_lines" time="0.000" /><testcase classname="backend.tests.test_iter10_auth_protection" name="test_meta_template_alias_copy_accepted" time="0.000" /><testcase classname="backend.tests.test_iter10_auth_protection" name="test_meta_template_alias_copy_text_also_accepted" time="0.000" /><testcase classname="backend.tests.test_iter10_auth_protection" name="test_initial_admin_emails_logic_present_in_source" time="0.000" /><testcase classname="backend.tests.test_iter10_auth_protection" name="test_initial_admin_emails_env_var_defined_in_dotenv" time="0.000" /><testcase classname="backend.tests.test_iter10_auth_protection" name="test_auth_callback_with_empty_initial_admins_unchanged_behavior" time="0.186" /><testcase classname="backend.tests.test_iter10_auth_protection" name="test_root_health" time="0.101" /><testcase classname="backend.tests.test_iter10_auth_protection" name="test_auth_me_requires_session" time="0.106" /></testsuite></testsuites>