<?xml version="1.0" encoding="utf-8"?><testsuites name="pytest tests"><testsuite name="pytest" errors="0" failures="0" skipped="0" tests="6" time="1.039" timestamp="2026-04-21T10:36:51.088192+00:00" hostname="agent-env-d21f4c04-616f-4e44-9a68-72ad838574ee"><testcase classname="backend.tests.test_review.TestReviewCreate" name="test_create_returns_token_and_path" time="0.468" /><testcase classname="backend.tests.test_review.TestReviewCreate" name="test_create_is_idempotent" time="0.088" /><testcase classname="backend.tests.test_review.TestReviewGet" name="test_get_returns_sanitized_project" time="0.090" /><testcase classname="backend.tests.test_review.TestReviewGet" name="test_get_invalid_token_404" time="0.042" /><testcase classname="backend.tests.test_review.TestReviewApprove" name="test_approve_and_persist" time="0.226" /><testcase classname="backend.tests.test_review.TestReviewApprove" name="test_approve_invalid_token_404" time="0.046" /></testsuite></testsuites>