<?xml version="1.0" encoding="utf-8"?><testsuites name="pytest tests"><testsuite name="pytest" errors="0" failures="0" skipped="0" tests="7" time="1.401" timestamp="2026-04-21T10:54:10.254420+00:00" hostname="agent-env-d21f4c04-616f-4e44-9a68-72ad838574ee"><testcase classname="backend.tests.test_iter3.TestSummaryPDF" name="test_pdf_valid_token_returns_pdf" time="0.376" /><testcase classname="backend.tests.test_iter3.TestSummaryPDF" name="test_pdf_invalid_token_404" time="0.054" /><testcase classname="backend.tests.test_iter3.TestNotify" name="test_notify_below_80_returns_not_notified" time="0.110" /><testcase classname="backend.tests.test_iter3.TestNotify" name="test_notify_above_80_fires_and_is_idempotent" time="0.170" /><testcase classname="backend.tests.test_iter3.TestNotify" name="test_notify_with_valid_slack_webhook" time="0.300" /><testcase classname="backend.tests.test_iter3.TestNotify" name="test_notify_with_invalid_webhook_captures_error" time="0.173" /><testcase classname="backend.tests.test_iter3.TestNotify" name="test_notify_invalid_token_404" time="0.145" /></testsuite></testsuites>