<?xml version="1.0" encoding="utf-8"?><testsuites name="pytest tests"><testsuite name="pytest" errors="0" failures="1" skipped="0" tests="22" time="4.154" timestamp="2026-04-21T11:27:50.809839+00:00" hostname="agent-env-d21f4c04-616f-4e44-9a68-72ad838574ee"><testcase classname="backend.tests.test_iter4.TestEvolutionSend" name="test_invalid_creds_returns_ok_false" time="0.170" /><testcase classname="backend.tests.test_iter4.TestReviewSign" name="test_sign_returns_hash_and_signer" time="0.342" /><testcase classname="backend.tests.test_iter4.TestReviewSign" name="test_sign_second_call_returns_423" time="0.044" /><testcase classname="backend.tests.test_iter4.TestReviewSign" name="test_get_review_returns_locked_and_signature" time="0.044" /><testcase classname="backend.tests.test_iter4.TestReviewSign" name="test_approve_after_lock_returns_423" time="0.091" /><testcase classname="backend.tests.test_iter4.TestReviewSign" name="test_pdf_after_sign_contains_signature_section" time="0.107" /><testcase classname="backend.tests.test_iter4.TestRegressions" name="test_events_get_post" time="0.134" /><testcase classname="backend.tests.test_iter4.TestRegressions" name="test_notify_regression" time="0.045" /><testcase classname="backend.tests.test_iter4.TestRegressions" name="test_notify_invalid_token_404" time="0.200" /><testcase classname="backend.tests.test_review.TestReviewCreate" name="test_create_returns_token_and_path" time="0.217" /><testcase classname="backend.tests.test_review.TestReviewCreate" name="test_create_is_idempotent" time="0.088" /><testcase classname="backend.tests.test_review.TestReviewGet" name="test_get_returns_sanitized_project" time="0.089" /><testcase classname="backend.tests.test_review.TestReviewGet" name="test_get_invalid_token_404" time="0.041" /><testcase classname="backend.tests.test_review.TestReviewApprove" name="test_approve_and_persist" time="0.222" /><testcase classname="backend.tests.test_review.TestReviewApprove" name="test_approve_invalid_token_404" time="0.046" /><testcase classname="backend.tests.test_iter3.TestSummaryPDF" name="test_pdf_valid_token_returns_pdf" time="0.160"><failure message="AssertionError: {&quot;detail&quot;:&quot;Proyecto no encontrado&quot;}&#10;assert 404 == 200&#10; +  where 404 = &lt;Response [404]&gt;.status_code">backend/tests/test_iter3.py:61: in test_pdf_valid_token_returns_pdf
    assert r.status_code == 200, r.text[:200]
E   AssertionError: {"detail":"Proyecto no encontrado"}
E   assert 404 == 200
E    +  where 404 = &lt;Response [404]&gt;.status_code</failure></testcase><testcase classname="backend.tests.test_iter3.TestSummaryPDF" name="test_pdf_invalid_token_404" time="0.044" /><testcase classname="backend.tests.test_iter3.TestNotify" name="test_notify_below_80_returns_not_notified" time="0.096" /><testcase classname="backend.tests.test_iter3.TestNotify" name="test_notify_above_80_fires_and_is_idempotent" time="0.168" /><testcase classname="backend.tests.test_iter3.TestNotify" name="test_notify_with_valid_slack_webhook" time="1.380" /><testcase classname="backend.tests.test_iter3.TestNotify" name="test_notify_with_invalid_webhook_captures_error" time="0.159" /><testcase classname="backend.tests.test_iter3.TestNotify" name="test_notify_invalid_token_404" time="0.150" /></testsuite></testsuites>