<?xml version="1.0" encoding="utf-8"?><testsuites name="pytest tests"><testsuite name="pytest" errors="0" failures="0" skipped="0" tests="7" time="3.759" timestamp="2026-04-21T10:18:38.533262+00:00" hostname="agent-env-d21f4c04-616f-4e44-9a68-72ad838574ee"><testcase classname="backend.tests.backend_test" name="test_root" time="0.325" /><testcase classname="backend.tests.backend_test.TestStorage" name="test_storage_roundtrip" time="0.296" /><testcase classname="backend.tests.backend_test.TestStorage" name="test_storage_get_missing_key" time="0.046" /><testcase classname="backend.tests.backend_test.TestEvents" name="test_post_event_and_list" time="0.139" /><testcase classname="backend.tests.backend_test.TestEvents" name="test_list_events_sorted_desc" time="0.128" /><testcase classname="backend.tests.backend_test" name="test_ai_test_chat" time="2.407" /><testcase classname="backend.tests.backend_test" name="test_whatsapp_send_invalid_credentials" time="0.215" /></testsuite></testsuites>