<?xml version="1.0" encoding="utf-8"?><testsuites name="pytest tests"><testsuite name="pytest" errors="0" failures="0" skipped="0" tests="4" time="0.618" timestamp="2026-04-21T11:44:58.065896+00:00" hostname="agent-env-d21f4c04-616f-4e44-9a68-72ad838574ee"><testcase classname="backend.tests.test_iter5.TestStorage" name="test_set_get_delete" time="0.382" /><testcase classname="backend.tests.test_iter5.TestWhatsappSend" name="test_invalid_creds_returns_error_not_crash" time="0.059" /><testcase classname="backend.tests.test_iter5.TestAiTestChat" name="test_endpoint_exists_rejects_missing_body" time="0.056" /><testcase classname="backend.tests.test_iter5.TestEvents" name="test_get_events" time="0.057" /></testsuite></testsuites>