<?xml version="1.0" encoding="utf-8"?><testsuites name="pytest tests"><testsuite name="pytest" errors="0" failures="0" skipped="0" tests="13" time="4.442" timestamp="2026-04-21T13:05:19.301782+00:00" hostname="agent-env-d21f4c04-616f-4e44-9a68-72ad838574ee"><testcase classname="backend.tests.test_iter7.TestConnectionEndpoint" name="test_n8n_webhook_valid_url" time="0.369" /><testcase classname="backend.tests.test_iter7.TestConnectionEndpoint" name="test_n8n_webhook_missing_url" time="0.131" /><testcase classname="backend.tests.test_iter7.TestConnectionEndpoint" name="test_meta_invalid_credentials_graceful" time="0.298" /><testcase classname="backend.tests.test_iter7.TestConnectionEndpoint" name="test_meta_missing_fields" time="0.181" /><testcase classname="backend.tests.test_iter7.TestConnectionEndpoint" name="test_evolution_invalid_credentials_graceful" time="0.573" /><testcase classname="backend.tests.test_iter7.TestConnectionEndpoint" name="test_evolution_missing_fields" time="0.138" /><testcase classname="backend.tests.test_iter7.TestConnectionEndpoint" name="test_unknown_type" time="0.135" /><testcase classname="backend.tests.test_iter7.TestSmoke" name="test_root" time="0.146" /><testcase classname="backend.tests.test_iter7.TestSmoke" name="test_storage_set_get" time="0.376" /><testcase classname="backend.tests.test_iter7.TestSmoke" name="test_whatsapp_send_invalid_token_no_500" time="0.263" /><testcase classname="backend.tests.test_iter7.TestLaunchFlow" name="test_deploy_with_valid_webhook_inserts_and_returns_launch_id" time="0.256" /><testcase classname="backend.tests.test_iter7.TestLaunchFlow" name="test_status_returns_stats_after_deploy" time="0.578" /><testcase classname="backend.tests.test_iter7.TestReviewFlow" name="test_create_token_then_get_approve_sign_pdf" time="0.911" /></testsuite></testsuites>