<?xml version="1.0" encoding="utf-8"?><testsuites name="pytest tests"><testsuite name="pytest" errors="0" failures="0" skipped="0" tests="16" time="3.716" timestamp="2026-04-21T14:30:22.427815+00:00" hostname="agent-env-d21f4c04-616f-4e44-9a68-72ad838574ee"><testcase classname="backend.tests.test_intake.TestIntakeCreate" name="test_create_returns_token" time="0.409" /><testcase classname="backend.tests.test_intake.TestIntakeCreate" name="test_create_is_idempotent" time="0.106" /><testcase classname="backend.tests.test_intake.TestIntakeGetForProject" name="test_get_existing" time="0.097" /><testcase classname="backend.tests.test_intake.TestIntakeGetForProject" name="test_get_nonexistent" time="0.049" /><testcase classname="backend.tests.test_intake.TestIntakeUpdateItems" name="test_update_items" time="0.170" /><testcase classname="backend.tests.test_intake.TestIntakePublicGet" name="test_public_filters_requested" time="0.101" /><testcase classname="backend.tests.test_intake.TestIntakePublicGet" name="test_public_invalid_token_404" time="0.058" /><testcase classname="backend.tests.test_intake.TestIntakeClientSave" name="test_save_sets_pending" time="0.128" /><testcase classname="backend.tests.test_intake.TestIntakeClientSave" name="test_save_null_clears_to_empty" time="0.157" /><testcase classname="backend.tests.test_intake.TestIntakeUploadDownload" name="test_upload_and_download_cycle" time="0.262" /><testcase classname="backend.tests.test_intake.TestIntakeUploadDownload" name="test_upload_exceeds_limit_413" time="0.756" /><testcase classname="backend.tests.test_intake.TestIntakeComplete" name="test_complete_triggers_slack_webhook" time="0.370" /><testcase classname="backend.tests.test_intake.TestIntakeReview" name="test_approve_variable_applies_to_project" time="0.265" /><testcase classname="backend.tests.test_intake.TestIntakeReview" name="test_approve_creative_adds_to_project" time="0.338" /><testcase classname="backend.tests.test_intake.TestIntakeReview" name="test_reject_with_comment_no_apply" time="0.249" /><testcase classname="backend.tests.test_intake.TestIntakeReview" name="test_cannot_approve_non_pending_item" time="0.096" /></testsuite></testsuites>