<?xml version="1.0" encoding="utf-8"?><testsuites name="pytest tests"><testsuite name="pytest" errors="0" failures="0" skipped="0" tests="13" time="7.118" timestamp="2026-04-21T12:17:10.093703+00:00" hostname="agent-env-d21f4c04-616f-4e44-9a68-72ad838574ee"><testcase classname="backend.tests.test_iter6.TestLaunchDeploy" name="test_deploy_success_webhook" time="2.633" /><testcase classname="backend.tests.test_iter6.TestLaunchDeploy" name="test_deploy_failed_webhook_still_persists" time="0.578" /><testcase classname="backend.tests.test_iter6.TestLaunchStatus" name="test_status_no_active" time="0.248" /><testcase classname="backend.tests.test_iter6.TestLaunchStatus" name="test_status_active_after_deploy" time="0.984" /><testcase classname="backend.tests.test_iter6.TestLaunchStopComplete" name="test_stop_marks_stopped" time="0.350" /><testcase classname="backend.tests.test_iter6.TestLaunchStopComplete" name="test_stop_no_active_404" time="0.216" /><testcase classname="backend.tests.test_iter6.TestLaunchStopComplete" name="test_complete_archives_to_history" time="0.483" /><testcase classname="backend.tests.test_iter6.TestLaunchStopComplete" name="test_complete_no_active_404" time="0.236" /><testcase classname="backend.tests.test_iter6.TestRegressions" name="test_storage_set_get" time="0.296" /><testcase classname="backend.tests.test_iter6.TestRegressions" name="test_events_post_list" time="0.210" /><testcase classname="backend.tests.test_iter6.TestRegressions" name="test_review_create" time="0.105" /><testcase classname="backend.tests.test_iter6.TestRegressions" name="test_evolution_send_bad_url" time="0.141" /><testcase classname="backend.tests.test_iter6.TestRegressions" name="test_whatsapp_send_bad_creds" time="0.554" /></testsuite></testsuites>