<?xml version="1.0" encoding="utf-8"?><testsuites name="pytest tests"><testsuite name="pytest" errors="0" failures="0" skipped="0" tests="19" time="5.169" timestamp="2026-04-21T13:37:43.613455+00:00" hostname="agent-env-d21f4c04-616f-4e44-9a68-72ad838574ee"><testcase classname="backend.tests.test_iter7.TestConnectionEndpoint" name="test_n8n_webhook_valid_url" time="0.400" /><testcase classname="backend.tests.test_iter7.TestConnectionEndpoint" name="test_n8n_webhook_missing_url" time="0.186" /><testcase classname="backend.tests.test_iter7.TestConnectionEndpoint" name="test_meta_invalid_credentials_graceful" time="0.335" /><testcase classname="backend.tests.test_iter7.TestConnectionEndpoint" name="test_meta_missing_fields" time="0.130" /><testcase classname="backend.tests.test_iter7.TestConnectionEndpoint" name="test_evolution_invalid_credentials_graceful" time="0.203" /><testcase classname="backend.tests.test_iter7.TestConnectionEndpoint" name="test_evolution_missing_fields" time="0.164" /><testcase classname="backend.tests.test_iter7.TestConnectionEndpoint" name="test_unknown_type" time="0.136" /><testcase classname="backend.tests.test_iter7.TestSmoke" name="test_root" time="0.105" /><testcase classname="backend.tests.test_iter7.TestSmoke" name="test_storage_set_get" time="0.372" /><testcase classname="backend.tests.test_iter7.TestSmoke" name="test_whatsapp_send_invalid_token_no_500" time="0.217" /><testcase classname="backend.tests.test_iter7.TestLaunchFlow" name="test_deploy_with_valid_webhook_inserts_and_returns_launch_id" time="0.563" /><testcase classname="backend.tests.test_iter7.TestLaunchFlow" name="test_status_returns_stats_after_deploy" time="0.545" /><testcase classname="backend.tests.test_iter7.TestReviewFlow" name="test_create_token_then_get_approve_sign_pdf" time="0.803" /><testcase classname="backend.tests.test_review.TestReviewCreate" name="test_create_returns_token_and_path" time="0.233" /><testcase classname="backend.tests.test_review.TestReviewCreate" name="test_create_is_idempotent" time="0.148" /><testcase classname="backend.tests.test_review.TestReviewGet" name="test_get_returns_sanitized_project" time="0.134" /><testcase classname="backend.tests.test_review.TestReviewGet" name="test_get_invalid_token_404" time="0.058" /><testcase classname="backend.tests.test_review.TestReviewApprove" name="test_approve_and_persist" time="0.300" /><testcase classname="backend.tests.test_review.TestReviewApprove" name="test_approve_invalid_token_404" time="0.058" /></testsuite></testsuites>