<?xml version="1.0" encoding="utf-8"?><testsuites name="pytest tests"><testsuite name="pytest" errors="0" failures="0" skipped="0" tests="15" time="2.517" timestamp="2026-04-21T11:44:31.575956+00:00" hostname="agent-env-d21f4c04-616f-4e44-9a68-72ad838574ee"><testcase classname="backend.tests.test_iter4.TestEvolutionSend" name="test_invalid_creds_returns_ok_false" time="0.384" /><testcase classname="backend.tests.test_iter4.TestReviewSign" name="test_sign_returns_hash_and_signer" time="0.508" /><testcase classname="backend.tests.test_iter4.TestReviewSign" name="test_sign_second_call_returns_423" time="0.070" /><testcase classname="backend.tests.test_iter4.TestReviewSign" name="test_get_review_returns_locked_and_signature" time="0.079" /><testcase classname="backend.tests.test_iter4.TestReviewSign" name="test_approve_after_lock_returns_423" time="0.069" /><testcase classname="backend.tests.test_iter4.TestReviewSign" name="test_pdf_after_sign_contains_signature_section" time="0.097" /><testcase classname="backend.tests.test_iter4.TestRegressions" name="test_events_get_post" time="0.137" /><testcase classname="backend.tests.test_iter4.TestRegressions" name="test_notify_regression" time="0.069" /><testcase classname="backend.tests.test_iter4.TestRegressions" name="test_notify_invalid_token_404" time="0.215" /><testcase classname="backend.tests.test_review.TestReviewCreate" name="test_create_returns_token_and_path" time="0.252" /><testcase classname="backend.tests.test_review.TestReviewCreate" name="test_create_is_idempotent" time="0.100" /><testcase classname="backend.tests.test_review.TestReviewGet" name="test_get_returns_sanitized_project" time="0.097" /><testcase classname="backend.tests.test_review.TestReviewGet" name="test_get_invalid_token_404" time="0.051" /><testcase classname="backend.tests.test_review.TestReviewApprove" name="test_approve_and_persist" time="0.260" /><testcase classname="backend.tests.test_review.TestReviewApprove" name="test_approve_invalid_token_404" time="0.051" /></testsuite></testsuites>